<?xml version="1.0"?>
<testsuite name="PhantomJS 2.1.1 (Windows 8 0.0.0)" package="" timestamp="2018-05-19T02:44:22" id="0" hostname="DSerbia" tests="0" errors="1" failures="0" time="0">
  <properties>
    <property name="browser.fullName" value="Mozilla/5.0 (Windows NT 6.2; WOW64) AppleWebKit/538.1 (KHTML, like Gecko) PhantomJS/2.1.1 Safari/538.1"/>
  </properties>
  <system-out>
    <![CDATA[
]]>
  </system-out>
  <system-err/>
</testsuite>