<?xml version="1.0"?>
<testsuite name="PhantomJS 2.1.1 (Windows 8.0.0)" package="" timestamp="2018-04-09T19:57:10" id="0" hostname="A10233DerrickO" tests="4" errors="0" failures="0" time="0.491">
  <properties>
    <property name="browser.fullName" value="Mozilla/5.0 (Windows NT 6.2; WOW64) AppleWebKit/538.1 (KHTML, like Gecko) PhantomJS/2.1.1 Safari/538.1"/>
  </properties>
  <testcase name="AppComponent should render title in a h1 tag" time="0.098" classname="PhantomJS_2_1_1_(Windows_8_0_0).AppComponent"/>
  <testcase name="ClientComponent should create" time="0.098" classname="PhantomJS_2_1_1_(Windows_8_0_0).ClientComponent"/>
  <testcase name="AppComponent should create the app" time="0.196" classname="PhantomJS_2_1_1_(Windows_8_0_0).AppComponent"/>
  <testcase name="AppComponent should have as title 'Client Followup'" time="0.099" classname="PhantomJS_2_1_1_(Windows_8_0_0).AppComponent"/>
  <system-out>
    <![CDATA[
]]>
  </system-out>
  <system-err/>
</testsuite>